<?xml version="1.0" encoding="UTF-8"?>
<testsuite name="com.agile.planner.scripter.TypeTest" tests="13" skipped="0" failures="0" errors="0" timestamp="2024-03-08T00:03:43" hostname="DIGITALSTORM-PC" time="0.012">
  <properties/>
  <testcase name="setIntConstant()" classname="com.agile.planner.scripter.TypeTest" time="0.0"/>
  <testcase name="compareTo()" classname="com.agile.planner.scripter.TypeTest" time="0.0"/>
  <testcase name="testToString()" classname="com.agile.planner.scripter.TypeTest" time="0.001"/>
  <testcase name="attrSet()" classname="com.agile.planner.scripter.TypeTest" time="0.002"/>
  <testcase name="getIntConstant()" classname="com.agile.planner.scripter.TypeTest" time="0.001"/>
  <testcase name="getVariabTypeId()" classname="com.agile.planner.scripter.TypeTest" time="0.001"/>
  <testcase name="getBoolConstant()" classname="com.agile.planner.scripter.TypeTest" time="0.0"/>
  <testcase name="getLinkerData()" classname="com.agile.planner.scripter.TypeTest" time="0.0"/>
  <testcase name="setStringConstant()" classname="com.agile.planner.scripter.TypeTest" time="0.0"/>
  <testcase name="getVariableName()" classname="com.agile.planner.scripter.TypeTest" time="0.0"/>
  <testcase name="setLinkerData()" classname="com.agile.planner.scripter.TypeTest" time="0.001"/>
  <testcase name="setBoolConstant()" classname="com.agile.planner.scripter.TypeTest" time="0.0"/>
  <testcase name="getStringConstant()" classname="com.agile.planner.scripter.TypeTest" time="0.0"/>
  <system-out><![CDATA[]]></system-out>
  <system-err><![CDATA[]]></system-err>
</testsuite>
