<?xml version="1.0" encoding="UTF-8"?>
<testsuite name="agile.planner.util.JBinTest" tests="2" skipped="0" failures="0" errors="0" timestamp="2024-01-06T21:00:30" hostname="DIGITALSTORM-PC" time="0.009">
  <properties/>
  <testcase name="processJBin()" classname="agile.planner.util.JBinTest" time="0.002"/>
  <testcase name="createJBin()" classname="agile.planner.util.JBinTest" time="0.007"/>
  <system-out><![CDATA[]]></system-out>
  <system-err><![CDATA[]]></system-err>
</testsuite>
