<?xml version="1.0" encoding="UTF-8"?>
<testsuite name="com.agile.planner.data.LongOrderComparatorTest" tests="1" skipped="0" failures="0" errors="0" timestamp="2024-03-08T00:03:42" hostname="DIGITALSTORM-PC" time="0.007">
  <properties/>
  <testcase name="compare()" classname="com.agile.planner.data.LongOrderComparatorTest" time="0.007"/>
  <system-out><![CDATA[]]></system-out>
  <system-err><![CDATA[]]></system-err>
</testsuite>
