<?xml version="1.0" encoding="UTF-8"?>
<testsuite name="com.agile.planner.schedule.DynamicSchedulerTest" tests="4" skipped="0" failures="0" errors="0" timestamp="2024-03-08T00:03:43" hostname="DIGITALSTORM-PC" time="0.021">
  <properties/>
  <testcase name="assignDayValid()" classname="com.agile.planner.schedule.DynamicSchedulerTest" time="0.007"/>
  <testcase name="assignDayLeftover()" classname="com.agile.planner.schedule.DynamicSchedulerTest" time="0.004"/>
  <testcase name="assignDayFitSchedule()" classname="com.agile.planner.schedule.DynamicSchedulerTest" time="0.001"/>
  <testcase name="assignDayOverflow()" classname="com.agile.planner.schedule.DynamicSchedulerTest" time="0.006"/>
  <system-out><![CDATA[Day [03-07-2024]
Day [03-08-2024]
Day [03-09-2024]
]]></system-out>
  <system-err><![CDATA[]]></system-err>
</testsuite>
