<?xml version="1.0" encoding="UTF-8"?>
<testsuite name="agile.planner.schedule.DynamicSchedulerTest" tests="4" skipped="0" failures="0" errors="0" timestamp="2024-01-06T21:00:30" hostname="DIGITALSTORM-PC" time="0.03">
  <properties/>
  <testcase name="assignDayValid()" classname="agile.planner.schedule.DynamicSchedulerTest" time="0.008"/>
  <testcase name="assignDayLeftover()" classname="agile.planner.schedule.DynamicSchedulerTest" time="0.016"/>
  <testcase name="assignDayFitSchedule()" classname="agile.planner.schedule.DynamicSchedulerTest" time="0.001"/>
  <testcase name="assignDayOverflow()" classname="agile.planner.schedule.DynamicSchedulerTest" time="0.003"/>
  <system-out><![CDATA[Day [01-06-2024]
Day [01-07-2024]
Day [01-08-2024]
]]></system-out>
  <system-err><![CDATA[]]></system-err>
</testsuite>
