<?xml version="1.0" encoding="UTF-8"?>
<testsuite name="agile.planner.util.TimeTest" tests="2" skipped="0" failures="0" errors="0" timestamp="2024-01-06T21:00:30" hostname="DIGITALSTORM-PC" time="0.001">
  <properties/>
  <testcase name="testGetFormattedCalendarInstance()" classname="agile.planner.util.TimeTest" time="0.0"/>
  <testcase name="testDetermineRangeOfDays()" classname="agile.planner.util.TimeTest" time="0.0"/>
  <system-out><![CDATA[]]></system-out>
  <system-err><![CDATA[]]></system-err>
</testsuite>
