<?xml version="1.0" encoding="UTF-8"?>
<testsuite name="agile.planner.user.UserConfigTest" tests="20" skipped="0" failures="0" errors="0" timestamp="2024-01-06T21:00:30" hostname="DIGITALSTORM-PC" time="0.017">
  <properties/>
  <testcase name="isPriority()" classname="agile.planner.user.UserConfigTest" time="0.0"/>
  <testcase name="setOverflow()" classname="agile.planner.user.UserConfigTest" time="0.0"/>
  <testcase name="setArchiveDays()" classname="agile.planner.user.UserConfigTest" time="0.001"/>
  <testcase name="setSchedulingAlgorithm()" classname="agile.planner.user.UserConfigTest" time="0.001"/>
  <testcase name="setMaxDays()" classname="agile.planner.user.UserConfigTest" time="0.001"/>
  <testcase name="isOverflow()" classname="agile.planner.user.UserConfigTest" time="0.001"/>
  <testcase name="getWeek()" classname="agile.planner.user.UserConfigTest" time="0.0"/>
  <testcase name="setFitSchedule()" classname="agile.planner.user.UserConfigTest" time="0.0"/>
  <testcase name="getArchiveDays()" classname="agile.planner.user.UserConfigTest" time="0.001"/>
  <testcase name="setMinHours()" classname="agile.planner.user.UserConfigTest" time="0.0"/>
  <testcase name="getMinHours()" classname="agile.planner.user.UserConfigTest" time="0.0"/>
  <testcase name="setPriority()" classname="agile.planner.user.UserConfigTest" time="0.0"/>
  <testcase name="isFitSchedule()" classname="agile.planner.user.UserConfigTest" time="0.001"/>
  <testcase name="setEmail()" classname="agile.planner.user.UserConfigTest" time="0.0"/>
  <testcase name="setUserName()" classname="agile.planner.user.UserConfigTest" time="0.0"/>
  <testcase name="getSchedulingAlgorithm()" classname="agile.planner.user.UserConfigTest" time="0.0"/>
  <testcase name="getUserName()" classname="agile.planner.user.UserConfigTest" time="0.0"/>
  <testcase name="getMaxDays()" classname="agile.planner.user.UserConfigTest" time="0.001"/>
  <testcase name="getEmail()" classname="agile.planner.user.UserConfigTest" time="0.0"/>
  <testcase name="setWeek()" classname="agile.planner.user.UserConfigTest" time="0.0"/>
  <system-out><![CDATA[]]></system-out>
  <system-err><![CDATA[]]></system-err>
</testsuite>
