<?xml version="1.0" encoding="UTF-8"?>
<testsuite name="agile.planner.scripter.TypeTest" tests="13" skipped="0" failures="0" errors="0" timestamp="2024-01-06T21:00:30" hostname="DIGITALSTORM-PC" time="0.011">
  <properties/>
  <testcase name="setIntConstant()" classname="agile.planner.scripter.TypeTest" time="0.0"/>
  <testcase name="compareTo()" classname="agile.planner.scripter.TypeTest" time="0.0"/>
  <testcase name="testToString()" classname="agile.planner.scripter.TypeTest" time="0.001"/>
  <testcase name="attrSet()" classname="agile.planner.scripter.TypeTest" time="0.002"/>
  <testcase name="getIntConstant()" classname="agile.planner.scripter.TypeTest" time="0.0"/>
  <testcase name="getVariabTypeId()" classname="agile.planner.scripter.TypeTest" time="0.001"/>
  <testcase name="getBoolConstant()" classname="agile.planner.scripter.TypeTest" time="0.0"/>
  <testcase name="getLinkerData()" classname="agile.planner.scripter.TypeTest" time="0.0"/>
  <testcase name="setStringConstant()" classname="agile.planner.scripter.TypeTest" time="0.001"/>
  <testcase name="getVariableName()" classname="agile.planner.scripter.TypeTest" time="0.0"/>
  <testcase name="setLinkerData()" classname="agile.planner.scripter.TypeTest" time="0.002"/>
  <testcase name="setBoolConstant()" classname="agile.planner.scripter.TypeTest" time="0.001"/>
  <testcase name="getStringConstant()" classname="agile.planner.scripter.TypeTest" time="0.0"/>
  <system-out><![CDATA[]]></system-out>
  <system-err><![CDATA[]]></system-err>
</testsuite>
