<?xml version="1.0" encoding="UTF-8"?>
<testsuite name="com.agile.planner.schedule.day.DayTest" tests="7" skipped="0" failures="0" errors="0" timestamp="2024-03-08T00:03:43" hostname="DIGITALSTORM-PC" time="0.01">
  <properties/>
  <testcase name="testFormattedString()" classname="com.agile.planner.schedule.day.DayTest" time="0.002"/>
  <testcase name="testGetId()" classname="com.agile.planner.schedule.day.DayTest" time="0.001"/>
  <testcase name="testAddSubTask()" classname="com.agile.planner.schedule.day.DayTest" time="0.002"/>
  <testcase name="testGetDate()" classname="com.agile.planner.schedule.day.DayTest" time="0.0"/>
  <testcase name="testTaskManagement()" classname="com.agile.planner.schedule.day.DayTest" time="0.001"/>
  <testcase name="testGetHoursFilled()" classname="com.agile.planner.schedule.day.DayTest" time="0.001"/>
  <testcase name="testGetCapacity()" classname="com.agile.planner.schedule.day.DayTest" time="0.001"/>
  <system-out><![CDATA[]]></system-out>
  <system-err><![CDATA[]]></system-err>
</testsuite>
