<?xml version="1.0" encoding="UTF-8"?>
<testsuite name="agile.planner.scripter.ParserTest" tests="8" skipped="0" failures="0" errors="0" timestamp="2024-01-06T21:00:30" hostname="DIGITALSTORM-PC" time="0.023">
  <properties/>
  <testcase name="parseCustomFunction()" classname="agile.planner.scripter.ParserTest" time="0.001"/>
  <testcase name="parseConstant()" classname="agile.planner.scripter.ParserTest" time="0.006"/>
  <testcase name="parseStaticFunction()" classname="agile.planner.scripter.ParserTest" time="0.003"/>
  <testcase name="parseAttributes()" classname="agile.planner.scripter.ParserTest" time="0.004"/>
  <testcase name="typeOfOperation()" classname="agile.planner.scripter.ParserTest" time="0.002"/>
  <testcase name="parseClassInstance()" classname="agile.planner.scripter.ParserTest" time="0.0"/>
  <testcase name="testParsePreProcessor()" classname="agile.planner.scripter.ParserTest" time="0.002"/>
  <testcase name="determineAttrFunc()" classname="agile.planner.scripter.ParserTest" time="0.0"/>
  <system-out><![CDATA[]]></system-out>
  <system-err><![CDATA[]]></system-err>
</testsuite>
