<?xml version="1.0" encoding="UTF-8"?>
<testsuite name="com.agile.planner.scripter.ParserTest" tests="7" skipped="0" failures="0" errors="0" timestamp="2024-03-08T00:03:43" hostname="DIGITALSTORM-PC" time="0.018">
  <properties/>
  <testcase name="parseCustomFunction()" classname="com.agile.planner.scripter.ParserTest" time="0.0"/>
  <testcase name="parseConstant()" classname="com.agile.planner.scripter.ParserTest" time="0.005"/>
  <testcase name="parseStaticFunction()" classname="com.agile.planner.scripter.ParserTest" time="0.002"/>
  <testcase name="parseAttributes()" classname="com.agile.planner.scripter.ParserTest" time="0.005"/>
  <testcase name="typeOfOperation()" classname="com.agile.planner.scripter.ParserTest" time="0.002"/>
  <testcase name="testParsePreProcessor()" classname="com.agile.planner.scripter.ParserTest" time="0.002"/>
  <testcase name="determineAttrFunc()" classname="com.agile.planner.scripter.ParserTest" time="0.0"/>
  <system-out><![CDATA[]]></system-out>
  <system-err><![CDATA[]]></system-err>
</testsuite>
