<?xml version="1.0" encoding="UTF-8"?>
<testsuite name="agile.planner.io.IOProcessingTest" tests="5" skipped="0" failures="0" errors="0" timestamp="2024-01-06T21:00:29" hostname="DIGITALSTORM-PC" time="0.041">
  <properties/>
  <testcase name="outputDay()" classname="agile.planner.io.IOProcessingTest" time="0.019"/>
  <testcase name="readAndWriteJBinFile()" classname="agile.planner.io.IOProcessingTest" time="0.001"/>
  <testcase name="readTasks()" classname="agile.planner.io.IOProcessingTest" time="0.006"/>
  <testcase name="readCfg()" classname="agile.planner.io.IOProcessingTest" time="0.007"/>
  <testcase name="outputSchedule()" classname="agile.planner.io.IOProcessingTest" time="0.006"/>
  <system-out><![CDATA[]]></system-out>
  <system-err><![CDATA[]]></system-err>
</testsuite>
