<?xml version="1.0" encoding="UTF-8"?>
<testsuite name="com.agile.planner.schedule.DynamicSchedulerTest" tests="4" skipped="0" failures="0" errors="0" timestamp="2024-03-07T23:54:59" hostname="DIGITALSTORM-PC" time="0.015">
  <properties/>
  <testcase name="assignDayValid()" classname="com.agile.planner.schedule.DynamicSchedulerTest" time="0.006"/>
  <testcase name="assignDayLeftover()" classname="com.agile.planner.schedule.DynamicSchedulerTest" time="0.004"/>
  <testcase name="assignDayFitSchedule()" classname="com.agile.planner.schedule.DynamicSchedulerTest" time="0.001"/>
  <testcase name="assignDayOverflow()" classname="com.agile.planner.schedule.DynamicSchedulerTest" time="0.003"/>
  <system-out><![CDATA[Day [03-07-2024]
Day [03-08-2024]
Day [03-09-2024]
]]></system-out>
  <system-err><![CDATA[]]></system-err>
</testsuite>
