<?xml version="1.0" encoding="UTF-8"?>
<testsuite name="agile.planner.schedule.day.DayTest" tests="7" skipped="0" failures="0" errors="0" timestamp="2024-01-06T21:00:30" hostname="DIGITALSTORM-PC" time="0.012">
  <properties/>
  <testcase name="testFormattedString()" classname="agile.planner.schedule.day.DayTest" time="0.006"/>
  <testcase name="testGetId()" classname="agile.planner.schedule.day.DayTest" time="0.0"/>
  <testcase name="testAddSubTask()" classname="agile.planner.schedule.day.DayTest" time="0.001"/>
  <testcase name="testGetDate()" classname="agile.planner.schedule.day.DayTest" time="0.0"/>
  <testcase name="testTaskManagement()" classname="agile.planner.schedule.day.DayTest" time="0.001"/>
  <testcase name="testGetHoursFilled()" classname="agile.planner.schedule.day.DayTest" time="0.001"/>
  <testcase name="testGetCapacity()" classname="agile.planner.schedule.day.DayTest" time="0.0"/>
  <system-out><![CDATA[]]></system-out>
  <system-err><![CDATA[]]></system-err>
</testsuite>
